Using pre-set license
Built from '2020.3/release' branch; Version is '2020.3.1f1 (77a89f25062f) revision 7841951'; Using compiler version '192528614'; Build Type 'Release'
OS: 'Windows 10 Pro; OS build 19042.782; Version 2009; 64bit' Language: 'ru' Physical Memory: 16331 MB
BatchMode: 1, IsHumanControllingUs: 0, StartBugReporterOnCrash: 0, Is64bit: 1, IsPro: 0

 COMMAND LINE ARGUMENTS:
C:\Program Files\Unity\Hub\Editor\2020.3.1f1\Editor\Unity.exe
-adb2
-batchMode
-noUpm
-name
AssetImportWorker1
-projectPath
D:/UnityProjects/BomberPig
-logFile
Logs/AssetImportWorker1.log
-srvPort
53725
Successfully changed project path to: D:/UnityProjects/BomberPig
D:/UnityProjects/BomberPig
Using Asset Import Pipeline V2.
Refreshing native plugins compatible for Editor in 45.29 ms, found 1 plugins.
Preloading 0 native plugins for Editor in 0.00 ms.
Initialize engine version: 2020.3.1f1 (77a89f25062f)
[Subsystems] Discovering subsystems at path C:/Program Files/Unity/Hub/Editor/2020.3.1f1/Editor/Data/Resources/UnitySubsystems
[Subsystems] Discovering subsystems at path D:/UnityProjects/BomberPig/Assets
GfxDevice: creating device client; threaded=0
Direct3D:
    Version:  Direct3D 11.0 [level 11.1]
    Renderer: NVIDIA GeForce RTX 2060 (ID=0x1f08)
    Vendor:   
    VRAM:     5980 MB
    Driver:   30.0.14.7111
Initialize mono
Mono path[0] = 'C:/Program Files/Unity/Hub/Editor/2020.3.1f1/Editor/Data/Managed'
Mono path[1] = 'C:/Program Files/Unity/Hub/Editor/2020.3.1f1/Editor/Data/MonoBleedingEdge/lib/mono/unityjit'
Mono config path = 'C:/Program Files/Unity/Hub/Editor/2020.3.1f1/Editor/Data/MonoBleedingEdge/etc'
Using monoOptions --debugger-agent=transport=dt_socket,embedding=1,server=y,suspend=n,address=127.0.0.1:56812
Begin MonoManager ReloadAssembly
Registering precompiled unity dll's ...
Register platform support module: C:/Program Files/Unity/Hub/Editor/2020.3.1f1/Editor/Data/PlaybackEngines/WebGLSupport/UnityEditor.WebGL.Extensions.dll
Register platform support module: C:/Program Files/Unity/Hub/Editor/2020.3.1f1/Editor/Data/PlaybackEngines/WindowsStandaloneSupport/UnityEditor.WindowsStandalone.Extensions.dll
Registered in 0.002108 seconds.
Native extension for WindowsStandalone target not found
Native extension for WebGL target not found
Refreshing native plugins compatible for Editor in 45.28 ms, found 1 plugins.
Preloading 0 native plugins for Editor in 0.00 ms.
Invoked RoslynAnalysisRunner static constructor.
RoslynAnalysisRunner will not be running.
RoslynAnalysisRunner has terminated.
Mono: successfully reloaded assembly
- Completed reload, in  1.537 seconds
Platform modules already initialized, skipping
Registering precompiled user dll's ...
Registered in 0.000832 seconds.
Begin MonoManager ReloadAssembly
Native extension for WindowsStandalone target not found
Native extension for WebGL target not found
Refreshing native plugins compatible for Editor in 91.01 ms, found 1 plugins.
Preloading 0 native plugins for Editor in 0.00 ms.
Invoked RoslynAnalysisRunner static constructor.
RoslynAnalysisRunner will not be running.
RoslynAnalysisRunner has terminated.
Mono: successfully reloaded assembly
- Completed reload, in  1.239 seconds
Platform modules already initialized, skipping
========================================================================
Worker process is ready to serve import requests
Launched and connected shader compiler UnityShaderCompiler.exe after 0.04 seconds
Refreshing native plugins compatible for Editor in 0.47 ms, found 1 plugins.
Preloading 0 native plugins for Editor in 0.00 ms.
Unloading 1812 Unused Serialized files (Serialized files now loaded: 0)
System memory in use before: 84.7 MB.
System memory in use after: 84.7 MB.

Unloading 24 unused Assets to reduce memory usage. Loaded Objects now: 2255.
Total: 2.369000 ms (FindLiveObjects: 0.179000 ms CreateObjectMapping: 0.076400 ms MarkObjects: 1.942300 ms  DeleteObjects: 0.169900 ms)

========================================================================
Received Import Request.
  path: Assets/Scenes
  artifactKey: Guid(c236a711f0dea3947a2f80fd6723d2de) Importer(815301076,1909f56bfc062723c751e8b465ee728b)
Start importing Assets/Scenes using Guid(c236a711f0dea3947a2f80fd6723d2de) Importer(815301076,1909f56bfc062723c751e8b465ee728b)  -> (artifact id: '44a0178e501e503f3785827bcc60f0df') in 0.004281 seconds
  Import took 0.007662 seconds .

========================================================================
Received Import Request.
  Time since last request: 0.000250 seconds.
  path: Assets/Scenes/SampleScene.unity
  artifactKey: Guid(2cda990e2423bbf4892e6590ba056729) Importer(815301076,1909f56bfc062723c751e8b465ee728b)
Start importing Assets/Scenes/SampleScene.unity using Guid(2cda990e2423bbf4892e6590ba056729) Importer(815301076,1909f56bfc062723c751e8b465ee728b)  -> (artifact id: '6b73beee9fc1ea6f1390c408775ced32') in 0.010117 seconds
  Import took 0.013323 seconds .

========================================================================
Received Import Request.
  Time since last request: 2.920729 seconds.
  path: Assets/Scenes/Game.unity
  artifactKey: Guid(2cda990e2423bbf4892e6590ba056729) Importer(815301076,1909f56bfc062723c751e8b465ee728b)
Start importing Assets/Scenes/Game.unity using Guid(2cda990e2423bbf4892e6590ba056729) Importer(815301076,1909f56bfc062723c751e8b465ee728b)  -> (artifact id: '74c0cc0a69484b5c0fa2ff283a8051b9') in 0.003504 seconds
  Import took 0.010066 seconds .

========================================================================
Received Prepare
Registering precompiled user dll's ...
Registered in 0.002000 seconds.
Begin MonoManager ReloadAssembly
Native extension for WindowsStandalone target not found
Native extension for WebGL target not found
Refreshing native plugins compatible for Editor in 0.81 ms, found 1 plugins.
Preloading 0 native plugins for Editor in 0.00 ms.
Invoked RoslynAnalysisRunner static constructor.
RoslynAnalysisRunner will not be running.
RoslynAnalysisRunner has terminated.
Mono: successfully reloaded assembly
- Completed reload, in  1.295 seconds
Platform modules already initialized, skipping
Refreshing native plugins compatible for Editor in 0.58 ms, found 1 plugins.
Preloading 0 native plugins for Editor in 0.00 ms.
Unloading 1896 Unused Serialized files (Serialized files now loaded: 0)
System memory in use before: 88.0 MB.
System memory in use after: 88.0 MB.

Unloading 17 unused Assets to reduce memory usage. Loaded Objects now: 2344.
Total: 2.220100 ms (FindLiveObjects: 0.201100 ms CreateObjectMapping: 0.071600 ms MarkObjects: 1.800900 ms  DeleteObjects: 0.144800 ms)

========================================================================
Received Import Request.
  Time since last request: 165.910399 seconds.
  path: Assets/Photon/PhotonUnityNetworking/Resources/PhotonServerSettings.asset
  artifactKey: Guid(bafce4eaed7256242a97c61062d789ba) Importer(815301076,1909f56bfc062723c751e8b465ee728b)
Start importing Assets/Photon/PhotonUnityNetworking/Resources/PhotonServerSettings.asset using Guid(bafce4eaed7256242a97c61062d789ba) Importer(815301076,1909f56bfc062723c751e8b465ee728b)  -> (artifact id: '8be5135467679d650c5d9c1314d221dd') in 0.035591 seconds
  Import took 0.040027 seconds .

========================================================================
Received Import Request.
  Time since last request: 0.039664 seconds.
  path: Assets/Photon/PhotonUnityNetworking/Resources/PhotonServerSettings.asset
  artifactKey: Guid(bafce4eaed7256242a97c61062d789ba) Importer(815301076,1909f56bfc062723c751e8b465ee728b)
Start importing Assets/Photon/PhotonUnityNetworking/Resources/PhotonServerSettings.asset using Guid(bafce4eaed7256242a97c61062d789ba) Importer(815301076,1909f56bfc062723c751e8b465ee728b)  -> (artifact id: '8be5135467679d650c5d9c1314d221dd') in 0.002301 seconds
  Import took 0.006631 seconds .

========================================================================
Received Import Request.
  Time since last request: 101.180275 seconds.
  path: Assets/MultiplayerManager.cs
  artifactKey: Guid(78e7e6f6c293c4b4fb12b03243d13a1d) Importer(815301076,1909f56bfc062723c751e8b465ee728b)
Start importing Assets/MultiplayerManager.cs using Guid(78e7e6f6c293c4b4fb12b03243d13a1d) Importer(815301076,1909f56bfc062723c751e8b465ee728b)  -> (artifact id: 'b43b069221a04f1c53b99fc79df8763b') in 0.006371 seconds
  Import took 0.010552 seconds .

========================================================================
Received Prepare
Registering precompiled user dll's ...
Registered in 0.002965 seconds.
Begin MonoManager ReloadAssembly
Native extension for WindowsStandalone target not found
Native extension for WebGL target not found
Refreshing native plugins compatible for Editor in 0.56 ms, found 1 plugins.
Preloading 0 native plugins for Editor in 0.00 ms.
Invoked RoslynAnalysisRunner static constructor.
RoslynAnalysisRunner will not be running.
RoslynAnalysisRunner has terminated.
Mono: successfully reloaded assembly
- Completed reload, in  1.377 seconds
Platform modules already initialized, skipping
Refreshing native plugins compatible for Editor in 0.58 ms, found 1 plugins.
Preloading 0 native plugins for Editor in 0.00 ms.
Unloading 1897 Unused Serialized files (Serialized files now loaded: 0)
System memory in use before: 88.1 MB.
System memory in use after: 88.0 MB.

Unloading 17 unused Assets to reduce memory usage. Loaded Objects now: 2350.
Total: 2.351900 ms (FindLiveObjects: 0.212900 ms CreateObjectMapping: 0.087100 ms MarkObjects: 1.912200 ms  DeleteObjects: 0.138400 ms)

========================================================================
Received Prepare
Registering precompiled user dll's ...
Registered in 0.001866 seconds.
Begin MonoManager ReloadAssembly
Native extension for WindowsStandalone target not found
Native extension for WebGL target not found
Refreshing native plugins compatible for Editor in 0.60 ms, found 1 plugins.
Preloading 0 native plugins for Editor in 0.00 ms.
Invoked RoslynAnalysisRunner static constructor.
RoslynAnalysisRunner will not be running.
RoslynAnalysisRunner has terminated.
Mono: successfully reloaded assembly
- Completed reload, in  1.166 seconds
Platform modules already initialized, skipping
Refreshing native plugins compatible for Editor in 0.60 ms, found 1 plugins.
Preloading 0 native plugins for Editor in 0.00 ms.
Unloading 1897 Unused Serialized files (Serialized files now loaded: 0)
System memory in use before: 88.1 MB.
System memory in use after: 88.1 MB.

Unloading 17 unused Assets to reduce memory usage. Loaded Objects now: 2355.
Total: 4.483800 ms (FindLiveObjects: 0.473000 ms CreateObjectMapping: 0.193300 ms MarkObjects: 3.549200 ms  DeleteObjects: 0.265400 ms)

========================================================================
Received Import Request.
  Time since last request: 145.497497 seconds.
  path: Assets/MultiplayerManager.cs
  artifactKey: Guid(78e7e6f6c293c4b4fb12b03243d13a1d) Importer(815301076,1909f56bfc062723c751e8b465ee728b)
Start importing Assets/MultiplayerManager.cs using Guid(78e7e6f6c293c4b4fb12b03243d13a1d) Importer(815301076,1909f56bfc062723c751e8b465ee728b)  -> (artifact id: '4fb2368718f3e9c358808e93d02421b9') in 0.004512 seconds
  Import took 0.008241 seconds .

========================================================================
Received Import Request.
  Time since last request: 0.016910 seconds.
  path: Assets/MultiplayerManager.cs
  artifactKey: Guid(78e7e6f6c293c4b4fb12b03243d13a1d) Importer(815301076,1909f56bfc062723c751e8b465ee728b)
Start importing Assets/MultiplayerManager.cs using Guid(78e7e6f6c293c4b4fb12b03243d13a1d) Importer(815301076,1909f56bfc062723c751e8b465ee728b)  -> (artifact id: '4fb2368718f3e9c358808e93d02421b9') in 0.001324 seconds
  Import took 0.005005 seconds .

========================================================================
Received Prepare
Registering precompiled user dll's ...
Registered in 0.001784 seconds.
Begin MonoManager ReloadAssembly
Native extension for WindowsStandalone target not found
Native extension for WebGL target not found
Refreshing native plugins compatible for Editor in 0.55 ms, found 1 plugins.
Preloading 0 native plugins for Editor in 0.00 ms.
Invoked RoslynAnalysisRunner static constructor.
RoslynAnalysisRunner will not be running.
RoslynAnalysisRunner has terminated.
Mono: successfully reloaded assembly
- Completed reload, in  1.198 seconds
Platform modules already initialized, skipping
Refreshing native plugins compatible for Editor in 0.55 ms, found 1 plugins.
Preloading 0 native plugins for Editor in 0.00 ms.
Unloading 1897 Unused Serialized files (Serialized files now loaded: 0)
System memory in use before: 88.1 MB.
System memory in use after: 88.1 MB.

Unloading 17 unused Assets to reduce memory usage. Loaded Objects now: 2360.
Total: 2.932000 ms (FindLiveObjects: 0.340700 ms CreateObjectMapping: 0.077800 ms MarkObjects: 2.356100 ms  DeleteObjects: 0.155500 ms)

========================================================================
Received Prepare
Registering precompiled user dll's ...
Registered in 0.002683 seconds.
Begin MonoManager ReloadAssembly
Native extension for WindowsStandalone target not found
Native extension for WebGL target not found
Refreshing native plugins compatible for Editor in 0.75 ms, found 1 plugins.
Preloading 0 native plugins for Editor in 0.00 ms.
Invoked RoslynAnalysisRunner static constructor.
RoslynAnalysisRunner will not be running.
RoslynAnalysisRunner has terminated.
Mono: successfully reloaded assembly
- Completed reload, in  1.178 seconds
Platform modules already initialized, skipping
Refreshing native plugins compatible for Editor in 0.68 ms, found 1 plugins.
Preloading 0 native plugins for Editor in 0.00 ms.
Unloading 1897 Unused Serialized files (Serialized files now loaded: 0)
System memory in use before: 88.1 MB.
System memory in use after: 88.1 MB.

Unloading 17 unused Assets to reduce memory usage. Loaded Objects now: 2365.
Total: 2.435900 ms (FindLiveObjects: 0.329500 ms CreateObjectMapping: 0.090600 ms MarkObjects: 1.854500 ms  DeleteObjects: 0.159800 ms)

========================================================================
Received Prepare
Registering precompiled user dll's ...
Registered in 0.001950 seconds.
Begin MonoManager ReloadAssembly
Native extension for WindowsStandalone target not found
Native extension for WebGL target not found
Refreshing native plugins compatible for Editor in 0.54 ms, found 1 plugins.
Preloading 0 native plugins for Editor in 0.00 ms.
Invoked RoslynAnalysisRunner static constructor.
RoslynAnalysisRunner will not be running.
RoslynAnalysisRunner has terminated.
Mono: successfully reloaded assembly
- Completed reload, in  1.130 seconds
Platform modules already initialized, skipping
Refreshing native plugins compatible for Editor in 0.58 ms, found 1 plugins.
Preloading 0 native plugins for Editor in 0.00 ms.
Unloading 1897 Unused Serialized files (Serialized files now loaded: 0)
System memory in use before: 88.1 MB.
System memory in use after: 88.1 MB.

Unloading 17 unused Assets to reduce memory usage. Loaded Objects now: 2370.
Total: 2.243200 ms (FindLiveObjects: 0.194300 ms CreateObjectMapping: 0.069400 ms MarkObjects: 1.820500 ms  DeleteObjects: 0.157700 ms)

========================================================================
Received Prepare
Registering precompiled user dll's ...
Registered in 0.002024 seconds.
Begin MonoManager ReloadAssembly
Native extension for WindowsStandalone target not found
Native extension for WebGL target not found
Refreshing native plugins compatible for Editor in 0.56 ms, found 1 plugins.
Preloading 0 native plugins for Editor in 0.00 ms.
Invoked RoslynAnalysisRunner static constructor.
RoslynAnalysisRunner will not be running.
RoslynAnalysisRunner has terminated.
Mono: successfully reloaded assembly
- Completed reload, in  1.109 seconds
Platform modules already initialized, skipping
Refreshing native plugins compatible for Editor in 0.53 ms, found 1 plugins.
Preloading 0 native plugins for Editor in 0.00 ms.
Unloading 1897 Unused Serialized files (Serialized files now loaded: 0)
System memory in use before: 88.1 MB.
System memory in use after: 88.1 MB.

Unloading 17 unused Assets to reduce memory usage. Loaded Objects now: 2375.
Total: 2.351600 ms (FindLiveObjects: 0.209200 ms CreateObjectMapping: 0.072000 ms MarkObjects: 1.911900 ms  DeleteObjects: 0.157500 ms)

========================================================================
Received Prepare
Registering precompiled user dll's ...
Registered in 0.001821 seconds.
Begin MonoManager ReloadAssembly
Native extension for WindowsStandalone target not found
Native extension for WebGL target not found
Refreshing native plugins compatible for Editor in 0.54 ms, found 1 plugins.
Preloading 0 native plugins for Editor in 0.00 ms.
Invoked RoslynAnalysisRunner static constructor.
RoslynAnalysisRunner will not be running.
RoslynAnalysisRunner has terminated.
Mono: successfully reloaded assembly
- Completed reload, in  1.183 seconds
Platform modules already initialized, skipping
Refreshing native plugins compatible for Editor in 0.54 ms, found 1 plugins.
Preloading 0 native plugins for Editor in 0.00 ms.
Unloading 1897 Unused Serialized files (Serialized files now loaded: 0)
System memory in use before: 88.1 MB.
System memory in use after: 88.1 MB.

Unloading 17 unused Assets to reduce memory usage. Loaded Objects now: 2380.
Total: 3.488800 ms (FindLiveObjects: 0.251900 ms CreateObjectMapping: 0.128400 ms MarkObjects: 2.899200 ms  DeleteObjects: 0.207300 ms)

========================================================================
Received Import Request.
  Time since last request: 566.459988 seconds.
  path: Assets/Prefabs/Player_pig.prefab
  artifactKey: Guid(625d68cd62713954fab31d64260195c0) Importer(815301076,1909f56bfc062723c751e8b465ee728b)
Start importing Assets/Prefabs/Player_pig.prefab using Guid(625d68cd62713954fab31d64260195c0) Importer(815301076,1909f56bfc062723c751e8b465ee728b)  -> (artifact id: 'f70a93895bd87f0ec9e8b78323afb437') in 0.132741 seconds
  Import took 0.136972 seconds .

========================================================================
Received Import Request.
  Time since last request: 28.652614 seconds.
  path: Assets/Prefabs/Player_pig 1.prefab
  artifactKey: Guid(6d2ccc09098cc4e43b33629838e9f34b) Importer(815301076,1909f56bfc062723c751e8b465ee728b)
Start importing Assets/Prefabs/Player_pig 1.prefab using Guid(6d2ccc09098cc4e43b33629838e9f34b) Importer(815301076,1909f56bfc062723c751e8b465ee728b)  -> (artifact id: '1303db3e2916de8c78aeea2542c1a525') in 0.012883 seconds
  Import took 0.016942 seconds .

========================================================================
Received Import Request.
  Time since last request: 7.312077 seconds.
  path: Assets/Prefabs/Player_dog.prefab
  artifactKey: Guid(6d2ccc09098cc4e43b33629838e9f34b) Importer(815301076,1909f56bfc062723c751e8b465ee728b)
Start importing Assets/Prefabs/Player_dog.prefab using Guid(6d2ccc09098cc4e43b33629838e9f34b) Importer(815301076,1909f56bfc062723c751e8b465ee728b)  -> (artifact id: '6c248689def62e698c9f4d416bcb233d') in 0.010425 seconds
  Import took 0.014482 seconds .

========================================================================
Received Import Request.
  Time since last request: 2.017476 seconds.
  path: Assets/Prefabs/Player_dog 1.prefab
  artifactKey: Guid(9a62f91e27ab5d04c9647003194a9fae) Importer(815301076,1909f56bfc062723c751e8b465ee728b)
Start importing Assets/Prefabs/Player_dog 1.prefab using Guid(9a62f91e27ab5d04c9647003194a9fae) Importer(815301076,1909f56bfc062723c751e8b465ee728b)  -> (artifact id: 'd9725bb1032c8e1cae0b10806112ac6d') in 0.010894 seconds
  Import took 0.015345 seconds .

========================================================================
Received Import Request.
  Time since last request: 5.885509 seconds.
  path: Assets/Prefabs/Player_farmer.prefab
  artifactKey: Guid(9a62f91e27ab5d04c9647003194a9fae) Importer(815301076,1909f56bfc062723c751e8b465ee728b)
Start importing Assets/Prefabs/Player_farmer.prefab using Guid(9a62f91e27ab5d04c9647003194a9fae) Importer(815301076,1909f56bfc062723c751e8b465ee728b)  -> (artifact id: '75164e48299486d81892c9dbf01527cd') in 0.014721 seconds
  Import took 0.020067 seconds .

========================================================================
Received Import Request.
  Time since last request: 13.580005 seconds.
  path: Assets/Photon/PhotonUnityNetworking/Icons/PunIcon-128.png
  artifactKey: Guid(bd293dc32f4aaf94e8274f2fac2cdf89) Importer(815301076,1909f56bfc062723c751e8b465ee728b)
Start importing Assets/Photon/PhotonUnityNetworking/Icons/PunIcon-128.png using Guid(bd293dc32f4aaf94e8274f2fac2cdf89) Importer(815301076,1909f56bfc062723c751e8b465ee728b)  -> (artifact id: 'c1c9bfc92d5a70f04f6ce6ad336b1149') in 0.037411 seconds
  Import took 0.041407 seconds .

========================================================================
Received Import Request.
  Time since last request: 0.000256 seconds.
  path: Assets/Photon/PhotonUnityNetworking/Icons/PunIconApp128.png
  artifactKey: Guid(f00feafcf0675cd47a48f83ae42b06d4) Importer(815301076,1909f56bfc062723c751e8b465ee728b)
Start importing Assets/Photon/PhotonUnityNetworking/Icons/PunIconApp128.png using Guid(f00feafcf0675cd47a48f83ae42b06d4) Importer(815301076,1909f56bfc062723c751e8b465ee728b)  -> (artifact id: '7bd9a5cc2658f5d8f5fbbd32cec42afb') in 0.010870 seconds
  Import took 0.014774 seconds .

========================================================================
Received Import Request.
  Time since last request: 0.000214 seconds.
  path: Assets/Photon/PhotonUnityNetworking/Icons/PunIconApp32.png
  artifactKey: Guid(436c5e63723127948af8857e903f658a) Importer(815301076,1909f56bfc062723c751e8b465ee728b)
Start importing Assets/Photon/PhotonUnityNetworking/Icons/PunIconApp32.png using Guid(436c5e63723127948af8857e903f658a) Importer(815301076,1909f56bfc062723c751e8b465ee728b)  -> (artifact id: '9b48767fcf517e99f09eb42b3bffacb9') in 0.010299 seconds
  Import took 0.013731 seconds .

========================================================================
Received Import Request.
  Time since last request: 0.000235 seconds.
  path: Assets/Photon/PhotonUnityNetworking/Icons/PunIconApp48.png
  artifactKey: Guid(44ebd8e6f42cae445ab4b22f0a9b48a0) Importer(815301076,1909f56bfc062723c751e8b465ee728b)
Start importing Assets/Photon/PhotonUnityNetworking/Icons/PunIconApp48.png using Guid(44ebd8e6f42cae445ab4b22f0a9b48a0) Importer(815301076,1909f56bfc062723c751e8b465ee728b)  -> (artifact id: '96fd695350f4d24c4f3431a45e90a7e5') in 0.008332 seconds
  Import took 0.011714 seconds .

========================================================================
Received Import Request.
  Time since last request: 0.000251 seconds.
  path: Assets/Photon/PhotonUnityNetworking/Icons/PunIcon-128.png
  artifactKey: Guid(bd293dc32f4aaf94e8274f2fac2cdf89) Importer(815301076,1909f56bfc062723c751e8b465ee728b)
Start importing Assets/Photon/PhotonUnityNetworking/Icons/PunIcon-128.png using Guid(bd293dc32f4aaf94e8274f2fac2cdf89) Importer(815301076,1909f56bfc062723c751e8b465ee728b)  -> (artifact id: 'c1c9bfc92d5a70f04f6ce6ad336b1149') in 0.015348 seconds
  Import took 0.018976 seconds .

========================================================================
Received Import Request.
  Time since last request: 1.355130 seconds.
  path: Assets/Photon/PhotonUnityNetworking/Icons/PunIconApp512.png
  artifactKey: Guid(7377013011b4c3348809ff574abe799e) Importer(815301076,1909f56bfc062723c751e8b465ee728b)
Start importing Assets/Photon/PhotonUnityNetworking/Icons/PunIconApp512.png using Guid(7377013011b4c3348809ff574abe799e) Importer(815301076,1909f56bfc062723c751e8b465ee728b)  -> (artifact id: '76933ee8d4ce2ba7247e8909215c6aa4') in 0.015187 seconds
  Import took 0.022482 seconds .

========================================================================
Received Import Request.
  Time since last request: 35.584529 seconds.
  path: Assets/Sprites/dog.png
  artifactKey: Guid(30000c2b4fba6ea4b81e345348fa70a9) Importer(815301076,1909f56bfc062723c751e8b465ee728b)
Start importing Assets/Sprites/dog.png using Guid(30000c2b4fba6ea4b81e345348fa70a9) Importer(815301076,1909f56bfc062723c751e8b465ee728b)  -> (artifact id: 'b829e28aa4e526dd1c3aa3000c360935') in 0.008759 seconds
  Import took 0.012828 seconds .

========================================================================
Received Import Request.
  Time since last request: 7.435679 seconds.
  path: Assets/Sprites/dog.png
  artifactKey: Guid(30000c2b4fba6ea4b81e345348fa70a9) Importer(815301076,1909f56bfc062723c751e8b465ee728b)
Start importing Assets/Sprites/dog.png using Guid(30000c2b4fba6ea4b81e345348fa70a9) Importer(815301076,1909f56bfc062723c751e8b465ee728b)  -> (artifact id: '4eb57a196f8c4199e792ba17bbdb95e9') in 0.037104 seconds
  Import took 0.042828 seconds .

========================================================================
Received Import Request.
  Time since last request: 9.774946 seconds.
  path: Assets/Sprites/farmer.png
  artifactKey: Guid(be3ec8b8d031b184297e56a8ac733e7b) Importer(815301076,1909f56bfc062723c751e8b465ee728b)
Start importing Assets/Sprites/farmer.png using Guid(be3ec8b8d031b184297e56a8ac733e7b) Importer(815301076,1909f56bfc062723c751e8b465ee728b)  -> (artifact id: 'b41260640e3f5d92751db385fc527545') in 0.007917 seconds
  Import took 0.012275 seconds .

========================================================================
Received Import Request.
  Time since last request: 6.048705 seconds.
  path: Assets/Sprites/farmer.png
  artifactKey: Guid(be3ec8b8d031b184297e56a8ac733e7b) Importer(815301076,1909f56bfc062723c751e8b465ee728b)
Start importing Assets/Sprites/farmer.png using Guid(be3ec8b8d031b184297e56a8ac733e7b) Importer(815301076,1909f56bfc062723c751e8b465ee728b)  -> (artifact id: 'caca9b0d50b8af7b2454c11ef9e82f99') in 0.034211 seconds
  Import took 0.038420 seconds .

========================================================================
Received Import Request.
  Time since last request: 28.228417 seconds.
  path: Assets/Sprites/farmer.png
  artifactKey: Guid(be3ec8b8d031b184297e56a8ac733e7b) Importer(815301076,1909f56bfc062723c751e8b465ee728b)
Start importing Assets/Sprites/farmer.png using Guid(be3ec8b8d031b184297e56a8ac733e7b) Importer(815301076,1909f56bfc062723c751e8b465ee728b)  -> (artifact id: '975dc43bd0a4f3caf5892b83b8deb553') in 0.044756 seconds
  Import took 0.049212 seconds .

========================================================================
Received Import Request.
  Time since last request: 41.029298 seconds.
  path: Assets/Sprites/farmer.png
  artifactKey: Guid(be3ec8b8d031b184297e56a8ac733e7b) Importer(815301076,1909f56bfc062723c751e8b465ee728b)
Start importing Assets/Sprites/farmer.png using Guid(be3ec8b8d031b184297e56a8ac733e7b) Importer(815301076,1909f56bfc062723c751e8b465ee728b)  -> (artifact id: '21610b59ceec7a0cf2720eb9dd9481a3') in 0.057012 seconds
  Import took 0.061605 seconds .

========================================================================
Received Import Request.
  Time since last request: 16.935538 seconds.
  path: Assets/Prefabs/Player_dog.prefab
  artifactKey: Guid(6d2ccc09098cc4e43b33629838e9f34b) Importer(815301076,1909f56bfc062723c751e8b465ee728b)
Start importing Assets/Prefabs/Player_dog.prefab using Guid(6d2ccc09098cc4e43b33629838e9f34b) Importer(815301076,1909f56bfc062723c751e8b465ee728b)  -> (artifact id: 'fd236c0e9e0ed117e763131e38a518ce') in 0.025162 seconds
  Import took 0.031360 seconds .

========================================================================
Received Prepare
Registering precompiled user dll's ...
Registered in 0.001838 seconds.
Begin MonoManager ReloadAssembly
Native extension for WindowsStandalone target not found
Native extension for WebGL target not found
Refreshing native plugins compatible for Editor in 0.70 ms, found 1 plugins.
Preloading 0 native plugins for Editor in 0.00 ms.
Invoked RoslynAnalysisRunner static constructor.
RoslynAnalysisRunner will not be running.
RoslynAnalysisRunner has terminated.
Mono: successfully reloaded assembly
- Completed reload, in  1.205 seconds
Platform modules already initialized, skipping
Refreshing native plugins compatible for Editor in 0.54 ms, found 1 plugins.
Preloading 0 native plugins for Editor in 0.00 ms.
Unloading 1897 Unused Serialized files (Serialized files now loaded: 0)
System memory in use before: 91.5 MB.
System memory in use after: 91.5 MB.

Unloading 17 unused Assets to reduce memory usage. Loaded Objects now: 2417.
Total: 2.296900 ms (FindLiveObjects: 0.184400 ms CreateObjectMapping: 0.068000 ms MarkObjects: 1.894800 ms  DeleteObjects: 0.148500 ms)

========================================================================
Received Import Request.
  Time since last request: 42.097709 seconds.
  path: Assets/Prefabs/Player_pig.prefab
  artifactKey: Guid(625d68cd62713954fab31d64260195c0) Importer(815301076,1909f56bfc062723c751e8b465ee728b)
Start importing Assets/Prefabs/Player_pig.prefab using Guid(625d68cd62713954fab31d64260195c0) Importer(815301076,1909f56bfc062723c751e8b465ee728b)  -> (artifact id: '2ed678f4d5e062d5ebe7eb940a10429a') in 0.068779 seconds
  Import took 0.072870 seconds .

========================================================================
Received Import Request.
  Time since last request: 13.451861 seconds.
  path: Assets/Prefabs/Player_dog.prefab
  artifactKey: Guid(6d2ccc09098cc4e43b33629838e9f34b) Importer(815301076,1909f56bfc062723c751e8b465ee728b)
Start importing Assets/Prefabs/Player_dog.prefab using Guid(6d2ccc09098cc4e43b33629838e9f34b) Importer(815301076,1909f56bfc062723c751e8b465ee728b)  -> (artifact id: '8c84e93cf52a484ee693ca6bdee4240e') in 0.011634 seconds
  Import took 0.015715 seconds .

========================================================================
Received Import Request.
  Time since last request: 12.921073 seconds.
  path: Assets/Prefabs/Player_farmer.prefab
  artifactKey: Guid(9a62f91e27ab5d04c9647003194a9fae) Importer(815301076,1909f56bfc062723c751e8b465ee728b)
Start importing Assets/Prefabs/Player_farmer.prefab using Guid(9a62f91e27ab5d04c9647003194a9fae) Importer(815301076,1909f56bfc062723c751e8b465ee728b)  -> (artifact id: 'ce409edc017c87bb020088c7dbf7b6a5') in 0.011535 seconds
  Import took 0.015780 seconds .

========================================================================
Received Import Request.
  Time since last request: 15.307578 seconds.
  path: Assets/Prefabs/Player_farmer.prefab
  artifactKey: Guid(9a62f91e27ab5d04c9647003194a9fae) Importer(815301076,1909f56bfc062723c751e8b465ee728b)
Start importing Assets/Prefabs/Player_farmer.prefab using Guid(9a62f91e27ab5d04c9647003194a9fae) Importer(815301076,1909f56bfc062723c751e8b465ee728b)  -> (artifact id: 'd43f0261366343b50b79786f7fa271ec') in 0.011486 seconds
  Import took 0.015496 seconds .

========================================================================
Received Import Request.
  Time since last request: 3.641656 seconds.
  path: Assets/Prefabs/Player_farmer.prefab
  artifactKey: Guid(9a62f91e27ab5d04c9647003194a9fae) Importer(815301076,1909f56bfc062723c751e8b465ee728b)
Start importing Assets/Prefabs/Player_farmer.prefab using Guid(9a62f91e27ab5d04c9647003194a9fae) Importer(815301076,1909f56bfc062723c751e8b465ee728b)  -> (artifact id: 'ee87104046635600e93afb8a0f7e6193') in 0.010731 seconds
  Import took 0.015158 seconds .

========================================================================
Received Import Request.
  Time since last request: 3.865391 seconds.
  path: Assets/Prefabs/Player_farmer.prefab
  artifactKey: Guid(9a62f91e27ab5d04c9647003194a9fae) Importer(815301076,1909f56bfc062723c751e8b465ee728b)
Start importing Assets/Prefabs/Player_farmer.prefab using Guid(9a62f91e27ab5d04c9647003194a9fae) Importer(815301076,1909f56bfc062723c751e8b465ee728b)  -> (artifact id: 'd601dfb42cdd32ad0587c8f1bdda3c1b') in 0.011490 seconds
  Import took 0.015595 seconds .

========================================================================
Received Import Request.
  Time since last request: 4.426584 seconds.
  path: Assets/Prefabs/Player_farmer.prefab
  artifactKey: Guid(9a62f91e27ab5d04c9647003194a9fae) Importer(815301076,1909f56bfc062723c751e8b465ee728b)
Start importing Assets/Prefabs/Player_farmer.prefab using Guid(9a62f91e27ab5d04c9647003194a9fae) Importer(815301076,1909f56bfc062723c751e8b465ee728b)  -> (artifact id: 'd4e23ce586323dd30a23201353bb854d') in 0.013757 seconds
  Import took 0.017878 seconds .

========================================================================
Received Prepare
Registering precompiled user dll's ...
Registered in 0.002657 seconds.
Begin MonoManager ReloadAssembly
Native extension for WindowsStandalone target not found
Native extension for WebGL target not found
Refreshing native plugins compatible for Editor in 0.53 ms, found 1 plugins.
Preloading 0 native plugins for Editor in 0.00 ms.
Invoked RoslynAnalysisRunner static constructor.
RoslynAnalysisRunner will not be running.
RoslynAnalysisRunner has terminated.
Mono: successfully reloaded assembly
- Completed reload, in  1.137 seconds
Platform modules already initialized, skipping
Refreshing native plugins compatible for Editor in 0.57 ms, found 1 plugins.
Preloading 0 native plugins for Editor in 0.00 ms.
Unloading 1897 Unused Serialized files (Serialized files now loaded: 0)
System memory in use before: 91.5 MB.
System memory in use after: 91.5 MB.

Unloading 17 unused Assets to reduce memory usage. Loaded Objects now: 2423.
Total: 2.382800 ms (FindLiveObjects: 0.210500 ms CreateObjectMapping: 0.069200 ms MarkObjects: 1.936800 ms  DeleteObjects: 0.164700 ms)

========================================================================
Received Prepare
Registering precompiled user dll's ...
Registered in 0.002734 seconds.
Begin MonoManager ReloadAssembly
Native extension for WindowsStandalone target not found
Native extension for WebGL target not found
Refreshing native plugins compatible for Editor in 0.54 ms, found 1 plugins.
Preloading 0 native plugins for Editor in 0.00 ms.
Invoked RoslynAnalysisRunner static constructor.
RoslynAnalysisRunner will not be running.
RoslynAnalysisRunner has terminated.
Mono: successfully reloaded assembly
- Completed reload, in  1.146 seconds
Platform modules already initialized, skipping
Refreshing native plugins compatible for Editor in 0.59 ms, found 1 plugins.
Preloading 0 native plugins for Editor in 0.00 ms.
Unloading 1897 Unused Serialized files (Serialized files now loaded: 0)
System memory in use before: 91.5 MB.
System memory in use after: 91.5 MB.

Unloading 17 unused Assets to reduce memory usage. Loaded Objects now: 2428.
Total: 2.364100 ms (FindLiveObjects: 0.249800 ms CreateObjectMapping: 0.070900 ms MarkObjects: 1.886800 ms  DeleteObjects: 0.155300 ms)

========================================================================
Received Import Request.
  Time since last request: 107.729740 seconds.
  path: Assets/Prefabs/Player_dog.prefab
  artifactKey: Guid(6d2ccc09098cc4e43b33629838e9f34b) Importer(815301076,1909f56bfc062723c751e8b465ee728b)
Start importing Assets/Prefabs/Player_dog.prefab using Guid(6d2ccc09098cc4e43b33629838e9f34b) Importer(815301076,1909f56bfc062723c751e8b465ee728b)  -> (artifact id: 'c5645020e3702af515c7ebd3e5ec741c') in 0.087510 seconds
  Import took 0.093057 seconds .

========================================================================
Received Prepare
Registering precompiled user dll's ...
Registered in 0.002154 seconds.
Begin MonoManager ReloadAssembly
Native extension for WindowsStandalone target not found
Native extension for WebGL target not found
Refreshing native plugins compatible for Editor in 0.76 ms, found 1 plugins.
Preloading 0 native plugins for Editor in 0.00 ms.
Invoked RoslynAnalysisRunner static constructor.
RoslynAnalysisRunner will not be running.
RoslynAnalysisRunner has terminated.
Mono: successfully reloaded assembly
- Completed reload, in  1.210 seconds
Platform modules already initialized, skipping
Refreshing native plugins compatible for Editor in 0.55 ms, found 1 plugins.
Preloading 0 native plugins for Editor in 0.00 ms.
Unloading 1897 Unused Serialized files (Serialized files now loaded: 0)
System memory in use before: 91.5 MB.
System memory in use after: 91.5 MB.

Unloading 17 unused Assets to reduce memory usage. Loaded Objects now: 2434.
Total: 2.809000 ms (FindLiveObjects: 0.199100 ms CreateObjectMapping: 0.070200 ms MarkObjects: 2.318500 ms  DeleteObjects: 0.219400 ms)

========================================================================
Received Import Request.
  Time since last request: 150.167700 seconds.
  path: Assets/Photon
  artifactKey: Guid(98951132346795f438babe7a3183da43) Importer(815301076,1909f56bfc062723c751e8b465ee728b)
Start importing Assets/Photon using Guid(98951132346795f438babe7a3183da43) Importer(815301076,1909f56bfc062723c751e8b465ee728b)  -> (artifact id: 'ef849c9bf2bb5dae50d19387d1eccf96') in 0.007119 seconds
  Import took 0.013681 seconds .

========================================================================
Received Import Request.
  Time since last request: 1.438113 seconds.
  path: Assets/Photon/PhotonNetworking-Documentation.pdf
  artifactKey: Guid(c285a840e88d74462a18710772dc4bfb) Importer(815301076,1909f56bfc062723c751e8b465ee728b)
Start importing Assets/Photon/PhotonNetworking-Documentation.pdf using Guid(c285a840e88d74462a18710772dc4bfb) Importer(815301076,1909f56bfc062723c751e8b465ee728b)  -> (artifact id: '984337bcdbccf904b62b2d2836b9839d') in 0.012997 seconds
  Import took 0.016845 seconds .

========================================================================
Received Import Request.
  Time since last request: 0.839014 seconds.
  path: Assets/Photon/PhotonNetworking-Documentation.chm
  artifactKey: Guid(6923098d409554f57bedd5a4fa66e3ad) Importer(815301076,1909f56bfc062723c751e8b465ee728b)
Start importing Assets/Photon/PhotonNetworking-Documentation.chm using Guid(6923098d409554f57bedd5a4fa66e3ad) Importer(815301076,1909f56bfc062723c751e8b465ee728b)  -> (artifact id: '8ad7699cf2d966438b8247a46c1e515a') in 0.004590 seconds
  Import took 0.008393 seconds .

========================================================================
Received Import Request.
  Time since last request: 0.727755 seconds.
  path: Assets/Photon/PhotonUnityNetworking
  artifactKey: Guid(d2b6672cc770a19438ff06fcb2637630) Importer(815301076,1909f56bfc062723c751e8b465ee728b)
Start importing Assets/Photon/PhotonUnityNetworking using Guid(d2b6672cc770a19438ff06fcb2637630) Importer(815301076,1909f56bfc062723c751e8b465ee728b)  -> (artifact id: '337a8cf1daa40780233a24276acb011e') in 0.001369 seconds
  Import took 0.005369 seconds .

========================================================================
Received Import Request.
  Time since last request: 0.565244 seconds.
  path: Assets/Photon/PhotonRealtime
  artifactKey: Guid(b54c221855bde4a4ba511877e7b6b904) Importer(815301076,1909f56bfc062723c751e8b465ee728b)
Start importing Assets/Photon/PhotonRealtime using Guid(b54c221855bde4a4ba511877e7b6b904) Importer(815301076,1909f56bfc062723c751e8b465ee728b)  -> (artifact id: '2afc2bf603bdfd661f9e546ff89429ce') in 0.001494 seconds
  Import took 0.005538 seconds .

========================================================================
Received Import Request.
  Time since last request: 0.911609 seconds.
  path: Assets/Photon/PhotonLibs
  artifactKey: Guid(ee1734b1a7bac244bb5f15ecd778b5f2) Importer(815301076,1909f56bfc062723c751e8b465ee728b)
Start importing Assets/Photon/PhotonLibs using Guid(ee1734b1a7bac244bb5f15ecd778b5f2) Importer(815301076,1909f56bfc062723c751e8b465ee728b)  -> (artifact id: 'fd71a856bafdd7310775c441c7d025ab') in 0.001602 seconds
  Import took 0.005773 seconds .

========================================================================
Received Import Request.
  Time since last request: 8.052002 seconds.
  path: Assets/Photon/PhotonRealtime/Code
  artifactKey: Guid(028784b24103cfd46a9d2eadba4c285f) Importer(815301076,1909f56bfc062723c751e8b465ee728b)
Start importing Assets/Photon/PhotonRealtime/Code using Guid(028784b24103cfd46a9d2eadba4c285f) Importer(815301076,1909f56bfc062723c751e8b465ee728b)  -> (artifact id: '6b6b80ec4b823dd3020c4110da8b8319') in 0.001627 seconds
  Import took 0.005480 seconds .

========================================================================
Received Import Request.
  Time since last request: 15.363120 seconds.
  path: Assets/Photon/PhotonUnityNetworking/Resources/PhotonServerSettings.asset
  artifactKey: Guid(bafce4eaed7256242a97c61062d789ba) Importer(815301076,1909f56bfc062723c751e8b465ee728b)
Start importing Assets/Photon/PhotonUnityNetworking/Resources/PhotonServerSettings.asset using Guid(bafce4eaed7256242a97c61062d789ba) Importer(815301076,1909f56bfc062723c751e8b465ee728b)  -> (artifact id: 'd528a1b67b2e5f61ac299425f4c0ceb2') in 0.003204 seconds
  Import took 0.007335 seconds .

========================================================================
Received Import Request.
  Time since last request: 0.014223 seconds.
  path: Assets/Photon/PhotonUnityNetworking/Resources/PhotonServerSettings.asset
  artifactKey: Guid(bafce4eaed7256242a97c61062d789ba) Importer(815301076,1909f56bfc062723c751e8b465ee728b)
Start importing Assets/Photon/PhotonUnityNetworking/Resources/PhotonServerSettings.asset using Guid(bafce4eaed7256242a97c61062d789ba) Importer(815301076,1909f56bfc062723c751e8b465ee728b)  -> (artifact id: 'd528a1b67b2e5f61ac299425f4c0ceb2') in 0.002043 seconds
  Import took 0.006206 seconds .

========================================================================
Received Import Request.
  Time since last request: 29.445501 seconds.
  path: Assets/Prefabs/Resources
  artifactKey: Guid(efb449051aaf0ee4696450784f11173a) Importer(815301076,1909f56bfc062723c751e8b465ee728b)
Start importing Assets/Prefabs/Resources using Guid(efb449051aaf0ee4696450784f11173a) Importer(815301076,1909f56bfc062723c751e8b465ee728b)  -> (artifact id: '3c9eaf3b6a9301479efb860214b790a5') in 0.001703 seconds
  Import took 0.005522 seconds .

========================================================================
Received Import Request.
  Time since last request: 0.000393 seconds.
  path: Assets/Prefabs/Resources
  artifactKey: Guid(efb449051aaf0ee4696450784f11173a) Importer(815301076,1909f56bfc062723c751e8b465ee728b)
Start importing Assets/Prefabs/Resources using Guid(efb449051aaf0ee4696450784f11173a) Importer(815301076,1909f56bfc062723c751e8b465ee728b)  -> (artifact id: '3c9eaf3b6a9301479efb860214b790a5') in 0.001160 seconds
  Import took 0.004553 seconds .

========================================================================
Received Prepare
Registering precompiled user dll's ...
Registered in 0.001826 seconds.
Begin MonoManager ReloadAssembly
Native extension for WindowsStandalone target not found
Native extension for WebGL target not found
Refreshing native plugins compatible for Editor in 0.54 ms, found 1 plugins.
Preloading 0 native plugins for Editor in 0.00 ms.
Invoked RoslynAnalysisRunner static constructor.
RoslynAnalysisRunner will not be running.
RoslynAnalysisRunner has terminated.
Mono: successfully reloaded assembly
- Completed reload, in  1.177 seconds
Platform modules already initialized, skipping
Refreshing native plugins compatible for Editor in 0.54 ms, found 1 plugins.
Preloading 0 native plugins for Editor in 0.00 ms.
Unloading 1897 Unused Serialized files (Serialized files now loaded: 0)
System memory in use before: 91.6 MB.
System memory in use after: 91.6 MB.

Unloading 17 unused Assets to reduce memory usage. Loaded Objects now: 2439.
Total: 2.314100 ms (FindLiveObjects: 0.221500 ms CreateObjectMapping: 0.068400 ms MarkObjects: 1.871400 ms  DeleteObjects: 0.151600 ms)

========================================================================
Received Prepare
Registering precompiled user dll's ...
Registered in 0.001748 seconds.
Begin MonoManager ReloadAssembly
Native extension for WindowsStandalone target not found
Native extension for WebGL target not found
Refreshing native plugins compatible for Editor in 0.54 ms, found 1 plugins.
Preloading 0 native plugins for Editor in 0.00 ms.
Invoked RoslynAnalysisRunner static constructor.
RoslynAnalysisRunner will not be running.
RoslynAnalysisRunner has terminated.
Mono: successfully reloaded assembly
- Completed reload, in  1.151 seconds
Platform modules already initialized, skipping
Refreshing native plugins compatible for Editor in 0.54 ms, found 1 plugins.
Preloading 0 native plugins for Editor in 0.00 ms.
Unloading 1897 Unused Serialized files (Serialized files now loaded: 0)
System memory in use before: 91.6 MB.
System memory in use after: 91.6 MB.

Unloading 17 unused Assets to reduce memory usage. Loaded Objects now: 2444.
Total: 2.306900 ms (FindLiveObjects: 0.197200 ms CreateObjectMapping: 0.070600 ms MarkObjects: 1.894500 ms  DeleteObjects: 0.143200 ms)

========================================================================
Received Prepare
Registering precompiled user dll's ...
Registered in 0.001892 seconds.
Begin MonoManager ReloadAssembly
Native extension for WindowsStandalone target not found
Native extension for WebGL target not found
Refreshing native plugins compatible for Editor in 1.10 ms, found 1 plugins.
Preloading 0 native plugins for Editor in 0.00 ms.
Invoked RoslynAnalysisRunner static constructor.
RoslynAnalysisRunner will not be running.
RoslynAnalysisRunner has terminated.
Mono: successfully reloaded assembly
- Completed reload, in  1.192 seconds
Platform modules already initialized, skipping
Refreshing native plugins compatible for Editor in 0.54 ms, found 1 plugins.
Preloading 0 native plugins for Editor in 0.00 ms.
Unloading 1897 Unused Serialized files (Serialized files now loaded: 0)
System memory in use before: 91.6 MB.
System memory in use after: 91.6 MB.

Unloading 17 unused Assets to reduce memory usage. Loaded Objects now: 2449.
Total: 2.348200 ms (FindLiveObjects: 0.204100 ms CreateObjectMapping: 0.069100 ms MarkObjects: 1.919500 ms  DeleteObjects: 0.154100 ms)

========================================================================
Received Prepare
Registering precompiled user dll's ...
Registered in 0.001835 seconds.
Begin MonoManager ReloadAssembly
Native extension for WindowsStandalone target not found
Native extension for WebGL target not found
Refreshing native plugins compatible for Editor in 0.58 ms, found 1 plugins.
Preloading 0 native plugins for Editor in 0.00 ms.
Invoked RoslynAnalysisRunner static constructor.
RoslynAnalysisRunner will not be running.
RoslynAnalysisRunner has terminated.
Mono: successfully reloaded assembly
- Completed reload, in  1.123 seconds
Platform modules already initialized, skipping
Refreshing native plugins compatible for Editor in 0.54 ms, found 1 plugins.
Preloading 0 native plugins for Editor in 0.00 ms.
Unloading 1897 Unused Serialized files (Serialized files now loaded: 0)
System memory in use before: 91.6 MB.
System memory in use after: 91.6 MB.

Unloading 17 unused Assets to reduce memory usage. Loaded Objects now: 2454.
Total: 2.643800 ms (FindLiveObjects: 0.320000 ms CreateObjectMapping: 0.091300 ms MarkObjects: 2.087200 ms  DeleteObjects: 0.143700 ms)

========================================================================
Received Import Request.
  Time since last request: 496.539295 seconds.
  path: Assets/Prefabs/Resources/Player_Farmer 1.prefab
  artifactKey: Guid(4da6d5e3f0d1fe440be05e592bfea434) Importer(815301076,1909f56bfc062723c751e8b465ee728b)
Start importing Assets/Prefabs/Resources/Player_Farmer 1.prefab using Guid(4da6d5e3f0d1fe440be05e592bfea434) Importer(815301076,1909f56bfc062723c751e8b465ee728b)  -> (artifact id: '5942ed232154db435289ab4e0a96de4a') in 0.075934 seconds
  Import took 0.080012 seconds .

========================================================================
Received Import Request.
  Time since last request: 16.641572 seconds.
  path: Assets/Prefabs/Resources/Player_farmer.prefab
  artifactKey: Guid(4da6d5e3f0d1fe440be05e592bfea434) Importer(815301076,1909f56bfc062723c751e8b465ee728b)
Start importing Assets/Prefabs/Resources/Player_farmer.prefab using Guid(4da6d5e3f0d1fe440be05e592bfea434) Importer(815301076,1909f56bfc062723c751e8b465ee728b)  -> (artifact id: 'b894f4c63e8154a12c5e491901cfe47f') in 0.013006 seconds
  Import took 0.017417 seconds .

========================================================================
Received Import Request.
  Time since last request: 40.073837 seconds.
  path: Assets/Prefabs/Resources/Player_farmer.prefab
  artifactKey: Guid(4da6d5e3f0d1fe440be05e592bfea434) Importer(815301076,1909f56bfc062723c751e8b465ee728b)
Start importing Assets/Prefabs/Resources/Player_farmer.prefab using Guid(4da6d5e3f0d1fe440be05e592bfea434) Importer(815301076,1909f56bfc062723c751e8b465ee728b)  -> (artifact id: 'a5b72d34c242377af499de22a135c781') in 0.020739 seconds
  Import took 0.025090 seconds .

========================================================================
Received Import Request.
  Time since last request: 6.032430 seconds.
  path: Assets/Prefabs/Resources/Player_farmer.prefab
  artifactKey: Guid(4da6d5e3f0d1fe440be05e592bfea434) Importer(815301076,1909f56bfc062723c751e8b465ee728b)
Start importing Assets/Prefabs/Resources/Player_farmer.prefab using Guid(4da6d5e3f0d1fe440be05e592bfea434) Importer(815301076,1909f56bfc062723c751e8b465ee728b)  -> (artifact id: '23e97762ad47f68ad97bcbe9aaf3fba9') in 0.029338 seconds
  Import took 0.034459 seconds .

========================================================================
Received Import Request.
  Time since last request: 17.042451 seconds.
  path: Assets/Prefabs/Resources/Player_farmer.prefab
  artifactKey: Guid(4da6d5e3f0d1fe440be05e592bfea434) Importer(815301076,1909f56bfc062723c751e8b465ee728b)
Start importing Assets/Prefabs/Resources/Player_farmer.prefab using Guid(4da6d5e3f0d1fe440be05e592bfea434) Importer(815301076,1909f56bfc062723c751e8b465ee728b)  -> (artifact id: '33eda74a7d4f46c7f1d8234cdcbe8f47') in 0.014178 seconds
  Import took 0.018622 seconds .

========================================================================
Received Import Request.
  Time since last request: 3.043141 seconds.
  path: Assets/Prefabs/Resources/Player_farmer.prefab
  artifactKey: Guid(4da6d5e3f0d1fe440be05e592bfea434) Importer(815301076,1909f56bfc062723c751e8b465ee728b)
Start importing Assets/Prefabs/Resources/Player_farmer.prefab using Guid(4da6d5e3f0d1fe440be05e592bfea434) Importer(815301076,1909f56bfc062723c751e8b465ee728b)  -> (artifact id: '7dd4a538b4bcfbde504777762131a591') in 0.018417 seconds
  Import took 0.022715 seconds .

========================================================================
Received Import Request.
  Time since last request: 3.638891 seconds.
  path: Assets/Prefabs/Resources/Player_farmer.prefab
  artifactKey: Guid(4da6d5e3f0d1fe440be05e592bfea434) Importer(815301076,1909f56bfc062723c751e8b465ee728b)
Start importing Assets/Prefabs/Resources/Player_farmer.prefab using Guid(4da6d5e3f0d1fe440be05e592bfea434) Importer(815301076,1909f56bfc062723c751e8b465ee728b)  -> (artifact id: '3c1ba23908139d57d654b4f71c16fc97') in 0.012791 seconds
  Import took 0.017254 seconds .

========================================================================
Received Import Request.
  Time since last request: 8.071684 seconds.
  path: Assets/Prefabs/Resources/Player_farmer.prefab
  artifactKey: Guid(4da6d5e3f0d1fe440be05e592bfea434) Importer(815301076,1909f56bfc062723c751e8b465ee728b)
Start importing Assets/Prefabs/Resources/Player_farmer.prefab using Guid(4da6d5e3f0d1fe440be05e592bfea434) Importer(815301076,1909f56bfc062723c751e8b465ee728b)  -> (artifact id: '0660b2cefa345bd0beb9da9c223bf815') in 0.016759 seconds
  Import took 0.021121 seconds .

========================================================================
Received Import Request.
  Time since last request: 6.459772 seconds.
  path: Assets/Prefabs/Resources/Player_farmer.prefab
  artifactKey: Guid(4da6d5e3f0d1fe440be05e592bfea434) Importer(815301076,1909f56bfc062723c751e8b465ee728b)
Start importing Assets/Prefabs/Resources/Player_farmer.prefab using Guid(4da6d5e3f0d1fe440be05e592bfea434) Importer(815301076,1909f56bfc062723c751e8b465ee728b)  -> (artifact id: '9e7309d6c67e9efe7c4993b4baea9665') in 0.013645 seconds
  Import took 0.018869 seconds .

========================================================================
Received Prepare
Registering precompiled user dll's ...
Registered in 0.002327 seconds.
Begin MonoManager ReloadAssembly
Native extension for WindowsStandalone target not found
Native extension for WebGL target not found
Refreshing native plugins compatible for Editor in 0.60 ms, found 1 plugins.
Preloading 0 native plugins for Editor in 0.00 ms.
Invoked RoslynAnalysisRunner static constructor.
RoslynAnalysisRunner will not be running.
RoslynAnalysisRunner has terminated.
Mono: successfully reloaded assembly
- Completed reload, in  1.120 seconds
Platform modules already initialized, skipping
Refreshing native plugins compatible for Editor in 0.55 ms, found 1 plugins.
Preloading 0 native plugins for Editor in 0.00 ms.
Unloading 1897 Unused Serialized files (Serialized files now loaded: 0)
System memory in use before: 91.7 MB.
System memory in use after: 91.7 MB.

Unloading 17 unused Assets to reduce memory usage. Loaded Objects now: 2460.
Total: 2.306600 ms (FindLiveObjects: 0.227700 ms CreateObjectMapping: 0.069900 ms MarkObjects: 1.869800 ms  DeleteObjects: 0.137900 ms)

========================================================================
Received Import Request.
  Time since last request: 46.694205 seconds.
  path: Assets/Prefabs/Resources/Player_Farmer 1.prefab
  artifactKey: Guid(4da6d5e3f0d1fe440be05e592bfea434) Importer(815301076,1909f56bfc062723c751e8b465ee728b)
Start importing Assets/Prefabs/Resources/Player_Farmer 1.prefab using Guid(4da6d5e3f0d1fe440be05e592bfea434) Importer(815301076,1909f56bfc062723c751e8b465ee728b)  -> (artifact id: '0c331a0a165ea58182e3feeb5c331188') in 0.095760 seconds
  Import took 0.101520 seconds .

========================================================================
Received Import Request.
  Time since last request: 0.005141 seconds.
  path: Assets/Prefabs/Resources/Player_Farmer 1.prefab
  artifactKey: Guid(4da6d5e3f0d1fe440be05e592bfea434) Importer(815301076,1909f56bfc062723c751e8b465ee728b)
Start importing Assets/Prefabs/Resources/Player_Farmer 1.prefab using Guid(4da6d5e3f0d1fe440be05e592bfea434) Importer(815301076,1909f56bfc062723c751e8b465ee728b)  -> (artifact id: '0c331a0a165ea58182e3feeb5c331188') in 0.016056 seconds
  Import took 0.020151 seconds .

========================================================================
Received Import Request.
  Time since last request: 29.601924 seconds.
  path: Assets/Prefabs/Resources/Player_Farmer 1.prefab
  artifactKey: Guid(4da6d5e3f0d1fe440be05e592bfea434) Importer(815301076,1909f56bfc062723c751e8b465ee728b)
Start importing Assets/Prefabs/Resources/Player_Farmer 1.prefab using Guid(4da6d5e3f0d1fe440be05e592bfea434) Importer(815301076,1909f56bfc062723c751e8b465ee728b)  -> (artifact id: 'ee049522bda06002c1d195a3ae24c259') in 0.014066 seconds
  Import took 0.018151 seconds .

========================================================================
Received Import Request.
  Time since last request: 10.510515 seconds.
  path: Assets/Prefabs/Resources/Player_Farmer 1.prefab
  artifactKey: Guid(4da6d5e3f0d1fe440be05e592bfea434) Importer(815301076,1909f56bfc062723c751e8b465ee728b)
Start importing Assets/Prefabs/Resources/Player_Farmer 1.prefab using Guid(4da6d5e3f0d1fe440be05e592bfea434) Importer(815301076,1909f56bfc062723c751e8b465ee728b)  -> (artifact id: '7d915a64b5dd4b40b4a201ab16abf1ce') in 0.013334 seconds
  Import took 0.017479 seconds .

========================================================================
Received Import Request.
  Time since last request: 0.000273 seconds.
  path: Assets/Prefabs/Resources/Player_pig.prefab
  artifactKey: Guid(625d68cd62713954fab31d64260195c0) Importer(815301076,1909f56bfc062723c751e8b465ee728b)
Start importing Assets/Prefabs/Resources/Player_pig.prefab using Guid(625d68cd62713954fab31d64260195c0) Importer(815301076,1909f56bfc062723c751e8b465ee728b)  -> (artifact id: '18ad5533ad7aa967e61e60721a84f54a') in 0.012347 seconds
  Import took 0.015839 seconds .

========================================================================
Received Import Request.
  Time since last request: 50.629050 seconds.
  path: Assets/Prefabs/Resources/Player_farmer.prefab
  artifactKey: Guid(4da6d5e3f0d1fe440be05e592bfea434) Importer(815301076,1909f56bfc062723c751e8b465ee728b)
Start importing Assets/Prefabs/Resources/Player_farmer.prefab using Guid(4da6d5e3f0d1fe440be05e592bfea434) Importer(815301076,1909f56bfc062723c751e8b465ee728b)  -> (artifact id: '0ccec3cc65cc4c67194463c0e2eb99d9') in 0.032574 seconds
  Import took 0.037732 seconds .

========================================================================
Received Import Request.
  Time since last request: 32.054221 seconds.
  path: Assets/Prefabs/Resources/Player_farmer.prefab
  artifactKey: Guid(4da6d5e3f0d1fe440be05e592bfea434) Importer(815301076,1909f56bfc062723c751e8b465ee728b)
Start importing Assets/Prefabs/Resources/Player_farmer.prefab using Guid(4da6d5e3f0d1fe440be05e592bfea434) Importer(815301076,1909f56bfc062723c751e8b465ee728b)  -> (artifact id: 'e957c1b08525e4d3ec8fb0e264b5cbfd') in 0.016249 seconds
  Import took 0.020562 seconds .

========================================================================
Received Prepare
Registering precompiled user dll's ...
Registered in 0.001836 seconds.
Begin MonoManager ReloadAssembly
Native extension for WindowsStandalone target not found
Native extension for WebGL target not found
Refreshing native plugins compatible for Editor in 0.55 ms, found 1 plugins.
Preloading 0 native plugins for Editor in 0.00 ms.
Invoked RoslynAnalysisRunner static constructor.
RoslynAnalysisRunner will not be running.
RoslynAnalysisRunner has terminated.
Mono: successfully reloaded assembly
- Completed reload, in  1.155 seconds
Platform modules already initialized, skipping
Refreshing native plugins compatible for Editor in 0.55 ms, found 1 plugins.
Preloading 0 native plugins for Editor in 0.00 ms.
Unloading 1897 Unused Serialized files (Serialized files now loaded: 0)
System memory in use before: 91.7 MB.
System memory in use after: 91.7 MB.

Unloading 17 unused Assets to reduce memory usage. Loaded Objects now: 2466.
Total: 2.436500 ms (FindLiveObjects: 0.187500 ms CreateObjectMapping: 0.068000 ms MarkObjects: 2.035000 ms  DeleteObjects: 0.144500 ms)

========================================================================
Received Prepare
Registering precompiled user dll's ...
Registered in 0.001922 seconds.
Begin MonoManager ReloadAssembly
Native extension for WindowsStandalone target not found
Native extension for WebGL target not found
Refreshing native plugins compatible for Editor in 0.55 ms, found 1 plugins.
Preloading 0 native plugins for Editor in 0.00 ms.
Invoked RoslynAnalysisRunner static constructor.
RoslynAnalysisRunner will not be running.
RoslynAnalysisRunner has terminated.
Mono: successfully reloaded assembly
- Completed reload, in  1.155 seconds
Platform modules already initialized, skipping
Refreshing native plugins compatible for Editor in 0.74 ms, found 1 plugins.
Preloading 0 native plugins for Editor in 0.00 ms.
Unloading 1897 Unused Serialized files (Serialized files now loaded: 0)
System memory in use before: 91.7 MB.
System memory in use after: 91.7 MB.

Unloading 17 unused Assets to reduce memory usage. Loaded Objects now: 2471.
Total: 3.325100 ms (FindLiveObjects: 0.379800 ms CreateObjectMapping: 0.131600 ms MarkObjects: 2.599900 ms  DeleteObjects: 0.211700 ms)

AssetImportWorkerClient::OnTransportError - code=2 error=End of file
